<?xml version="1.0" encoding="utf-8"?><testsuites name="pytest tests"><testsuite name="pytest" errors="0" failures="0" skipped="0" tests="29" time="12.260" timestamp="2026-06-11T07:24:58.409852+00:00" hostname="agent-env-d179defe-43a5-4608-a52a-dfef525a1a5c"><testcase classname="tests.test_api.TestAuth" name="test_register_client" time="0.518" /><testcase classname="tests.test_api.TestAuth" name="test_register_technician_creates_profile" time="0.375" /><testcase classname="tests.test_api.TestAuth" name="test_register_duplicate_email" time="0.120" /><testcase classname="tests.test_api.TestAuth" name="test_register_short_password" time="0.101" /><testcase classname="tests.test_api.TestAuth" name="test_login_success" time="0.326" /><testcase classname="tests.test_api.TestAuth" name="test_login_case_insensitive_email" time="0.319" /><testcase classname="tests.test_api.TestAuth" name="test_login_wrong_password" time="0.326" /><testcase classname="tests.test_api.TestAuth" name="test_auth_me_returns_current_user" time="0.434" /><testcase classname="tests.test_api.TestAuth" name="test_auth_me_unauthorized" time="0.101" /><testcase classname="tests.test_api.TestCategories" name="test_list_categories" time="0.105" /><testcase classname="tests.test_api.TestTechnicianProfile" name="test_search_technicians_no_filter" time="0.104" /><testcase classname="tests.test_api.TestTechnicianProfile" name="test_update_profile_as_technician" time="0.559" /><testcase classname="tests.test_api.TestTechnicianProfile" name="test_update_profile_as_client_forbidden" time="0.777" /><testcase classname="tests.test_api.TestTechnicianProfile" name="test_get_technician_profile" time="0.425" /><testcase classname="tests.test_api.TestServiceRequests" name="test_create_service_request_as_client" time="0.573" /><testcase classname="tests.test_api.TestServiceRequests" name="test_create_service_request_as_technician_forbidden" time="0.548" /><testcase classname="tests.test_api.TestServiceRequests" name="test_list_service_requests_authenticated" time="0.440" /><testcase classname="tests.test_api.TestApplications" name="test_create_application_as_client_forbidden" time="0.425" /><testcase classname="tests.test_api.TestApplications" name="test_create_application_as_technician_with_membership" time="0.946" /><testcase classname="tests.test_api.TestApplications" name="test_my_applications_as_technician" time="0.426" /><testcase classname="tests.test_api.TestReviewsPrivacy" name="test_client_can_view_technician_reviews" time="0.754" /><testcase classname="tests.test_api.TestReviewsPrivacy" name="test_technician_can_view_client_reviews" time="1.024" /><testcase classname="tests.test_api.TestReviewsPrivacy" name="test_client_cannot_view_other_client_reviews" time="1.146" /><testcase classname="tests.test_api.TestReviewsPrivacy" name="test_user_can_view_own_reviews" time="0.424" /><testcase classname="tests.test_api.TestReviewsPrivacy" name="test_pending_reviews" time="0.422" /><testcase classname="tests.test_api.TestPriceCalculation" name="test_base_price_within_6km" time="0.079" /><testcase classname="tests.test_api.TestPriceCalculation" name="test_price_above_6km" time="0.000" /><testcase classname="tests.test_api.TestPriceCalculation" name="test_price_exactly_6km" time="0.000" /><testcase classname="tests.test_api.TestVisits" name="test_my_visits" time="0.436" /></testsuite></testsuites>